d:\dev\kingsandpig\kingsandpig\release\vc143.pdb
d:\dev\kingsandpig\kingsandpig\release\world.obj
d:\dev\kingsandpig\kingsandpig\release\mapimage.obj
d:\dev\kingsandpig\kingsandpig\release\main.obj
d:\dev\kingsandpig\kingsandpig\release\kingsandpig.obj
d:\dev\kingsandpig\kingsandpig\release\file.obj
d:\dev\kingsandpig\kingsandpig\release\core.obj
d:\dev\kingsandpig\release\kingsandpig.exe
d:\dev\kingsandpig\kingsandpig\release\kingsandpig.ipdb
d:\dev\kingsandpig\kingsandpig\release\kingsandpig.iobj
d:\dev\kingsandpig\release\kingsandpig.pdb
d:\dev\kingsandpig\kingsandpig\release\kingsandpig.res
d:\dev\kingsandpig\kingsandpig\release\kingsandpig.tlog\cl.command.1.tlog
d:\dev\kingsandpig\kingsandpig\release\kingsandpig.tlog\cl.read.1.tlog
d:\dev\kingsandpig\kingsandpig\release\kingsandpig.tlog\cl.write.1.tlog
d:\dev\kingsandpig\kingsandpig\release\kingsandpig.tlog\link.command.1.tlog
d:\dev\kingsandpig\kingsandpig\release\kingsandpig.tlog\link.read.1.tlog
d:\dev\kingsandpig\kingsandpig\release\kingsandpig.tlog\link.write.1.tlog
d:\dev\kingsandpig\kingsandpig\release\kingsandpig.tlog\rc.command.1.tlog
d:\dev\kingsandpig\kingsandpig\release\kingsandpig.tlog\rc.read.1.tlog
d:\dev\kingsandpig\kingsandpig\release\kingsandpig.tlog\rc.write.1.tlog
