d:\dev\kingsandpig\kingsandpig\debug\vc143.pdb
d:\dev\kingsandpig\kingsandpig\debug\vc143.idb
d:\dev\kingsandpig\kingsandpig\debug\core.obj
d:\dev\kingsandpig\kingsandpig\debug\main.obj
d:\dev\kingsandpig\kingsandpig\debug\kingsandpig.obj
d:\dev\kingsandpig\kingsandpig\debug\file.obj
d:\dev\kingsandpig\kingsandpig\debug\mapimage.obj
d:\dev\kingsandpig\kingsandpig\debug\world.obj
d:\dev\kingsandpig\debug\kingsandpig.exe
d:\dev\kingsandpig\kingsandpig\debug\kingsandpig.ilk
d:\dev\kingsandpig\debug\kingsandpig.pdb
d:\dev\kingsandpig\kingsandpig\debug\kingsandpig.res
d:\dev\kingsandpig\kingsandpig\debug\kingsandpig.tlog\cl.command.1.tlog
d:\dev\kingsandpig\kingsandpig\debug\kingsandpig.tlog\cl.read.1.tlog
d:\dev\kingsandpig\kingsandpig\debug\kingsandpig.tlog\cl.write.1.tlog
d:\dev\kingsandpig\kingsandpig\debug\kingsandpig.tlog\link.command.1.tlog
d:\dev\kingsandpig\kingsandpig\debug\kingsandpig.tlog\link.read.1.tlog
d:\dev\kingsandpig\kingsandpig\debug\kingsandpig.tlog\link.write.1.tlog
d:\dev\kingsandpig\kingsandpig\debug\kingsandpig.tlog\rc.command.1.tlog
d:\dev\kingsandpig\kingsandpig\debug\kingsandpig.tlog\rc.read.1.tlog
d:\dev\kingsandpig\kingsandpig\debug\kingsandpig.tlog\rc.write.1.tlog
